<?xml version="1.0" encoding="UTF-8"?>
<testsuite xmlns:xsi="http://www.w3.org/2001/XMLSchema-instance" xsi:noNamespaceSchemaLocation="https://maven.apache.org/surefire/maven-surefire-plugin/xsd/surefire-test-report.xsd" name="com.neo.study.StudyApplicationTests" time="2.807" tests="1" errors="0" skipped="0" failures="0">
  <properties>
    <property name="sun.desktop" value="windows"/>
    <property name="awt.toolkit" value="sun.awt.windows.WToolkit"/>
    <property name="file.encoding.pkg" value="sun.io"/>
    <property name="java.specification.version" value="1.8"/>
    <property name="sun.cpu.isalist" value="amd64"/>
    <property name="sun.jnu.encoding" value="GBK"/>
    <property name="java.class.path" value="E:\code\JavaLife\kuangshen\target\test-classes;E:\code\JavaLife\kuangshen\target\classes;C:\Users\Administrator.PC-20200208MOTP\.m2\repository\org\springframework\boot\spring-boot-starter\2.4.0\spring-boot-starter-2.4.0.jar;C:\Users\Administrator.PC-20200208MOTP\.m2\repository\org\springframework\boot\spring-boot\2.4.0\spring-boot-2.4.0.jar;C:\Users\Administrator.PC-20200208MOTP\.m2\repository\org\springframework\spring-context\5.3.1\spring-context-5.3.1.jar;C:\Users\Administrator.PC-20200208MOTP\.m2\repository\org\springframework\spring-aop\5.3.1\spring-aop-5.3.1.jar;C:\Users\Administrator.PC-20200208MOTP\.m2\repository\org\springframework\spring-beans\5.3.1\spring-beans-5.3.1.jar;C:\Users\Administrator.PC-20200208MOTP\.m2\repository\org\springframework\spring-expression\5.3.1\spring-expression-5.3.1.jar;C:\Users\Administrator.PC-20200208MOTP\.m2\repository\org\springframework\boot\spring-boot-autoconfigure\2.4.0\spring-boot-autoconfigure-2.4.0.jar;C:\Users\Administrator.PC-20200208MOTP\.m2\repository\org\springframework\boot\spring-boot-starter-logging\2.4.0\spring-boot-starter-logging-2.4.0.jar;C:\Users\Administrator.PC-20200208MOTP\.m2\repository\ch\qos\logback\logback-classic\1.2.3\logback-classic-1.2.3.jar;C:\Users\Administrator.PC-20200208MOTP\.m2\repository\ch\qos\logback\logback-core\1.2.3\logback-core-1.2.3.jar;C:\Users\Administrator.PC-20200208MOTP\.m2\repository\org\apache\logging\log4j\log4j-to-slf4j\2.13.3\log4j-to-slf4j-2.13.3.jar;C:\Users\Administrator.PC-20200208MOTP\.m2\repository\org\apache\logging\log4j\log4j-api\2.13.3\log4j-api-2.13.3.jar;C:\Users\Administrator.PC-20200208MOTP\.m2\repository\org\slf4j\jul-to-slf4j\1.7.30\jul-to-slf4j-1.7.30.jar;C:\Users\Administrator.PC-20200208MOTP\.m2\repository\jakarta\annotation\jakarta.annotation-api\1.3.5\jakarta.annotation-api-1.3.5.jar;C:\Users\Administrator.PC-20200208MOTP\.m2\repository\org\springframework\spring-core\5.3.1\spring-core-5.3.1.jar;C:\Users\Administrator.PC-20200208MOTP\.m2\repository\org\springframework\spring-jcl\5.3.1\spring-jcl-5.3.1.jar;C:\Users\Administrator.PC-20200208MOTP\.m2\repository\org\yaml\snakeyaml\1.27\snakeyaml-1.27.jar;C:\Users\Administrator.PC-20200208MOTP\.m2\repository\org\springframework\boot\spring-boot-starter-test\2.4.0\spring-boot-starter-test-2.4.0.jar;C:\Users\Administrator.PC-20200208MOTP\.m2\repository\org\springframework\boot\spring-boot-test\2.4.0\spring-boot-test-2.4.0.jar;C:\Users\Administrator.PC-20200208MOTP\.m2\repository\org\springframework\boot\spring-boot-test-autoconfigure\2.4.0\spring-boot-test-autoconfigure-2.4.0.jar;C:\Users\Administrator.PC-20200208MOTP\.m2\repository\com\jayway\jsonpath\json-path\2.4.0\json-path-2.4.0.jar;C:\Users\Administrator.PC-20200208MOTP\.m2\repository\net\minidev\json-smart\2.3\json-smart-2.3.jar;C:\Users\Administrator.PC-20200208MOTP\.m2\repository\net\minidev\accessors-smart\1.2\accessors-smart-1.2.jar;C:\Users\Administrator.PC-20200208MOTP\.m2\repository\org\ow2\asm\asm\5.0.4\asm-5.0.4.jar;C:\Users\Administrator.PC-20200208MOTP\.m2\repository\org\slf4j\slf4j-api\1.7.30\slf4j-api-1.7.30.jar;C:\Users\Administrator.PC-20200208MOTP\.m2\repository\jakarta\xml\bind\jakarta.xml.bind-api\2.3.3\jakarta.xml.bind-api-2.3.3.jar;C:\Users\Administrator.PC-20200208MOTP\.m2\repository\jakarta\activation\jakarta.activation-api\1.2.2\jakarta.activation-api-1.2.2.jar;C:\Users\Administrator.PC-20200208MOTP\.m2\repository\org\assertj\assertj-core\3.18.1\assertj-core-3.18.1.jar;C:\Users\Administrator.PC-20200208MOTP\.m2\repository\org\hamcrest\hamcrest\2.2\hamcrest-2.2.jar;C:\Users\Administrator.PC-20200208MOTP\.m2\repository\org\junit\jupiter\junit-jupiter\5.7.0\junit-jupiter-5.7.0.jar;C:\Users\Administrator.PC-20200208MOTP\.m2\repository\org\junit\jupiter\junit-jupiter-api\5.7.0\junit-jupiter-api-5.7.0.jar;C:\Users\Administrator.PC-20200208MOTP\.m2\repository\org\apiguardian\apiguardian-api\1.1.0\apiguardian-api-1.1.0.jar;C:\Users\Administrator.PC-20200208MOTP\.m2\repository\org\opentest4j\opentest4j\1.2.0\opentest4j-1.2.0.jar;C:\Users\Administrator.PC-20200208MOTP\.m2\repository\org\junit\platform\junit-platform-commons\1.7.0\junit-platform-commons-1.7.0.jar;C:\Users\Administrator.PC-20200208MOTP\.m2\repository\org\junit\jupiter\junit-jupiter-params\5.7.0\junit-jupiter-params-5.7.0.jar;C:\Users\Administrator.PC-20200208MOTP\.m2\repository\org\junit\jupiter\junit-jupiter-engine\5.7.0\junit-jupiter-engine-5.7.0.jar;C:\Users\Administrator.PC-20200208MOTP\.m2\repository\org\junit\platform\junit-platform-engine\1.7.0\junit-platform-engine-1.7.0.jar;C:\Users\Administrator.PC-20200208MOTP\.m2\repository\org\mockito\mockito-core\3.6.0\mockito-core-3.6.0.jar;C:\Users\Administrator.PC-20200208MOTP\.m2\repository\net\bytebuddy\byte-buddy\1.10.18\byte-buddy-1.10.18.jar;C:\Users\Administrator.PC-20200208MOTP\.m2\repository\net\bytebuddy\byte-buddy-agent\1.10.18\byte-buddy-agent-1.10.18.jar;C:\Users\Administrator.PC-20200208MOTP\.m2\repository\org\objenesis\objenesis\3.1\objenesis-3.1.jar;C:\Users\Administrator.PC-20200208MOTP\.m2\repository\org\mockito\mockito-junit-jupiter\3.6.0\mockito-junit-jupiter-3.6.0.jar;C:\Users\Administrator.PC-20200208MOTP\.m2\repository\org\skyscreamer\jsonassert\1.5.0\jsonassert-1.5.0.jar;C:\Users\Administrator.PC-20200208MOTP\.m2\repository\com\vaadin\external\google\android-json\0.0.20131108.vaadin1\android-json-0.0.20131108.vaadin1.jar;C:\Users\Administrator.PC-20200208MOTP\.m2\repository\org\springframework\spring-test\5.3.1\spring-test-5.3.1.jar;C:\Users\Administrator.PC-20200208MOTP\.m2\repository\org\xmlunit\xmlunit-core\2.7.0\xmlunit-core-2.7.0.jar;"/>
    <property name="java.vm.vendor" value="Oracle Corporation"/>
    <property name="sun.arch.data.model" value="64"/>
    <property name="user.variant" value=""/>
    <property name="java.vendor.url" value="http://java.oracle.com/"/>
    <property name="user.timezone" value="Asia/Shanghai"/>
    <property name="java.vm.specification.version" value="1.8"/>
    <property name="os.name" value="Windows 7"/>
    <property name="user.country" value="CN"/>
    <property name="sun.java.launcher" value="SUN_STANDARD"/>
    <property name="sun.boot.library.path" value="C:\Program Files\Java\jdk1.8.0_241\jre\bin"/>
    <property name="sun.java.command" value="C:\Users\ADMINI~1.PC-\AppData\Local\Temp\surefire6148019234412297751\surefirebooter1393177617256789810.jar C:\Users\Administrator.PC-20200208MOTP\AppData\Local\Temp\surefire6148019234412297751 2021-01-23T15-51-52_790-jvmRun1 surefire120402612036529639tmp surefire_08869971589598842711tmp"/>
    <property name="surefire.test.class.path" value="E:\code\JavaLife\kuangshen\target\test-classes;E:\code\JavaLife\kuangshen\target\classes;C:\Users\Administrator.PC-20200208MOTP\.m2\repository\org\springframework\boot\spring-boot-starter\2.4.0\spring-boot-starter-2.4.0.jar;C:\Users\Administrator.PC-20200208MOTP\.m2\repository\org\springframework\boot\spring-boot\2.4.0\spring-boot-2.4.0.jar;C:\Users\Administrator.PC-20200208MOTP\.m2\repository\org\springframework\spring-context\5.3.1\spring-context-5.3.1.jar;C:\Users\Administrator.PC-20200208MOTP\.m2\repository\org\springframework\spring-aop\5.3.1\spring-aop-5.3.1.jar;C:\Users\Administrator.PC-20200208MOTP\.m2\repository\org\springframework\spring-beans\5.3.1\spring-beans-5.3.1.jar;C:\Users\Administrator.PC-20200208MOTP\.m2\repository\org\springframework\spring-expression\5.3.1\spring-expression-5.3.1.jar;C:\Users\Administrator.PC-20200208MOTP\.m2\repository\org\springframework\boot\spring-boot-autoconfigure\2.4.0\spring-boot-autoconfigure-2.4.0.jar;C:\Users\Administrator.PC-20200208MOTP\.m2\repository\org\springframework\boot\spring-boot-starter-logging\2.4.0\spring-boot-starter-logging-2.4.0.jar;C:\Users\Administrator.PC-20200208MOTP\.m2\repository\ch\qos\logback\logback-classic\1.2.3\logback-classic-1.2.3.jar;C:\Users\Administrator.PC-20200208MOTP\.m2\repository\ch\qos\logback\logback-core\1.2.3\logback-core-1.2.3.jar;C:\Users\Administrator.PC-20200208MOTP\.m2\repository\org\apache\logging\log4j\log4j-to-slf4j\2.13.3\log4j-to-slf4j-2.13.3.jar;C:\Users\Administrator.PC-20200208MOTP\.m2\repository\org\apache\logging\log4j\log4j-api\2.13.3\log4j-api-2.13.3.jar;C:\Users\Administrator.PC-20200208MOTP\.m2\repository\org\slf4j\jul-to-slf4j\1.7.30\jul-to-slf4j-1.7.30.jar;C:\Users\Administrator.PC-20200208MOTP\.m2\repository\jakarta\annotation\jakarta.annotation-api\1.3.5\jakarta.annotation-api-1.3.5.jar;C:\Users\Administrator.PC-20200208MOTP\.m2\repository\org\springframework\spring-core\5.3.1\spring-core-5.3.1.jar;C:\Users\Administrator.PC-20200208MOTP\.m2\repository\org\springframework\spring-jcl\5.3.1\spring-jcl-5.3.1.jar;C:\Users\Administrator.PC-20200208MOTP\.m2\repository\org\yaml\snakeyaml\1.27\snakeyaml-1.27.jar;C:\Users\Administrator.PC-20200208MOTP\.m2\repository\org\springframework\boot\spring-boot-starter-test\2.4.0\spring-boot-starter-test-2.4.0.jar;C:\Users\Administrator.PC-20200208MOTP\.m2\repository\org\springframework\boot\spring-boot-test\2.4.0\spring-boot-test-2.4.0.jar;C:\Users\Administrator.PC-20200208MOTP\.m2\repository\org\springframework\boot\spring-boot-test-autoconfigure\2.4.0\spring-boot-test-autoconfigure-2.4.0.jar;C:\Users\Administrator.PC-20200208MOTP\.m2\repository\com\jayway\jsonpath\json-path\2.4.0\json-path-2.4.0.jar;C:\Users\Administrator.PC-20200208MOTP\.m2\repository\net\minidev\json-smart\2.3\json-smart-2.3.jar;C:\Users\Administrator.PC-20200208MOTP\.m2\repository\net\minidev\accessors-smart\1.2\accessors-smart-1.2.jar;C:\Users\Administrator.PC-20200208MOTP\.m2\repository\org\ow2\asm\asm\5.0.4\asm-5.0.4.jar;C:\Users\Administrator.PC-20200208MOTP\.m2\repository\org\slf4j\slf4j-api\1.7.30\slf4j-api-1.7.30.jar;C:\Users\Administrator.PC-20200208MOTP\.m2\repository\jakarta\xml\bind\jakarta.xml.bind-api\2.3.3\jakarta.xml.bind-api-2.3.3.jar;C:\Users\Administrator.PC-20200208MOTP\.m2\repository\jakarta\activation\jakarta.activation-api\1.2.2\jakarta.activation-api-1.2.2.jar;C:\Users\Administrator.PC-20200208MOTP\.m2\repository\org\assertj\assertj-core\3.18.1\assertj-core-3.18.1.jar;C:\Users\Administrator.PC-20200208MOTP\.m2\repository\org\hamcrest\hamcrest\2.2\hamcrest-2.2.jar;C:\Users\Administrator.PC-20200208MOTP\.m2\repository\org\junit\jupiter\junit-jupiter\5.7.0\junit-jupiter-5.7.0.jar;C:\Users\Administrator.PC-20200208MOTP\.m2\repository\org\junit\jupiter\junit-jupiter-api\5.7.0\junit-jupiter-api-5.7.0.jar;C:\Users\Administrator.PC-20200208MOTP\.m2\repository\org\apiguardian\apiguardian-api\1.1.0\apiguardian-api-1.1.0.jar;C:\Users\Administrator.PC-20200208MOTP\.m2\repository\org\opentest4j\opentest4j\1.2.0\opentest4j-1.2.0.jar;C:\Users\Administrator.PC-20200208MOTP\.m2\repository\org\junit\platform\junit-platform-commons\1.7.0\junit-platform-commons-1.7.0.jar;C:\Users\Administrator.PC-20200208MOTP\.m2\repository\org\junit\jupiter\junit-jupiter-params\5.7.0\junit-jupiter-params-5.7.0.jar;C:\Users\Administrator.PC-20200208MOTP\.m2\repository\org\junit\jupiter\junit-jupiter-engine\5.7.0\junit-jupiter-engine-5.7.0.jar;C:\Users\Administrator.PC-20200208MOTP\.m2\repository\org\junit\platform\junit-platform-engine\1.7.0\junit-platform-engine-1.7.0.jar;C:\Users\Administrator.PC-20200208MOTP\.m2\repository\org\mockito\mockito-core\3.6.0\mockito-core-3.6.0.jar;C:\Users\Administrator.PC-20200208MOTP\.m2\repository\net\bytebuddy\byte-buddy\1.10.18\byte-buddy-1.10.18.jar;C:\Users\Administrator.PC-20200208MOTP\.m2\repository\net\bytebuddy\byte-buddy-agent\1.10.18\byte-buddy-agent-1.10.18.jar;C:\Users\Administrator.PC-20200208MOTP\.m2\repository\org\objenesis\objenesis\3.1\objenesis-3.1.jar;C:\Users\Administrator.PC-20200208MOTP\.m2\repository\org\mockito\mockito-junit-jupiter\3.6.0\mockito-junit-jupiter-3.6.0.jar;C:\Users\Administrator.PC-20200208MOTP\.m2\repository\org\skyscreamer\jsonassert\1.5.0\jsonassert-1.5.0.jar;C:\Users\Administrator.PC-20200208MOTP\.m2\repository\com\vaadin\external\google\android-json\0.0.20131108.vaadin1\android-json-0.0.20131108.vaadin1.jar;C:\Users\Administrator.PC-20200208MOTP\.m2\repository\org\springframework\spring-test\5.3.1\spring-test-5.3.1.jar;C:\Users\Administrator.PC-20200208MOTP\.m2\repository\org\xmlunit\xmlunit-core\2.7.0\xmlunit-core-2.7.0.jar;"/>
    <property name="sun.cpu.endian" value="little"/>
    <property name="user.home" value="C:\Users\Administrator.PC-20200208MOTP"/>
    <property name="user.language" value="zh"/>
    <property name="java.specification.vendor" value="Oracle Corporation"/>
    <property name="java.home" value="C:\Program Files\Java\jdk1.8.0_241\jre"/>
    <property name="basedir" value="E:\code\JavaLife\kuangshen"/>
    <property name="file.separator" value="\"/>
    <property name="line.separator" value="&#10;"/>
    <property name="java.vm.specification.vendor" value="Oracle Corporation"/>
    <property name="java.specification.name" value="Java Platform API Specification"/>
    <property name="java.awt.graphicsenv" value="sun.awt.Win32GraphicsEnvironment"/>
    <property name="surefire.real.class.path" value="C:\Users\ADMINI~1.PC-\AppData\Local\Temp\surefire6148019234412297751\surefirebooter1393177617256789810.jar"/>
    <property name="sun.boot.class.path" value="C:\Program Files\Java\jdk1.8.0_241\jre\lib\resources.jar;C:\Program Files\Java\jdk1.8.0_241\jre\lib\rt.jar;C:\Program Files\Java\jdk1.8.0_241\jre\lib\sunrsasign.jar;C:\Program Files\Java\jdk1.8.0_241\jre\lib\jsse.jar;C:\Program Files\Java\jdk1.8.0_241\jre\lib\jce.jar;C:\Program Files\Java\jdk1.8.0_241\jre\lib\charsets.jar;C:\Program Files\Java\jdk1.8.0_241\jre\lib\jfr.jar;C:\Program Files\Java\jdk1.8.0_241\jre\classes"/>
    <property name="user.script" value=""/>
    <property name="sun.management.compiler" value="HotSpot 64-Bit Tiered Compilers"/>
    <property name="java.runtime.version" value="1.8.0_241-b07"/>
    <property name="user.name" value="Administrator"/>
    <property name="path.separator" value=";"/>
    <property name="os.version" value="6.1"/>
    <property name="java.endorsed.dirs" value="C:\Program Files\Java\jdk1.8.0_241\jre\lib\endorsed"/>
    <property name="java.runtime.name" value="Java(TM) SE Runtime Environment"/>
    <property name="file.encoding" value="GBK"/>
    <property name="java.vm.name" value="Java HotSpot(TM) 64-Bit Server VM"/>
    <property name="localRepository" value="C:\Users\Administrator.PC-20200208MOTP\.m2\repository"/>
    <property name="java.vendor.url.bug" value="http://bugreport.sun.com/bugreport/"/>
    <property name="java.io.tmpdir" value="C:\Users\ADMINI~1.PC-\AppData\Local\Temp\"/>
    <property name="idea.version" value="2020.2"/>
    <property name="java.version" value="1.8.0_241"/>
    <property name="user.dir" value="E:\code\JavaLife\kuangshen"/>
    <property name="os.arch" value="amd64"/>
    <property name="java.vm.specification.name" value="Java Virtual Machine Specification"/>
    <property name="java.awt.printerjob" value="sun.awt.windows.WPrinterJob"/>
    <property name="sun.os.patch.level" value="Service Pack 1"/>
    <property name="java.library.path" value="C:\Program Files\Java\jdk1.8.0_241\jre\bin;C:\Windows\Sun\Java\bin;C:\Windows\system32;C:\Windows;D:\developer_tools\Anaconda;D:\developer_tools\Anaconda\Library\mingw-w64\bin;D:\developer_tools\Anaconda\Library\usr\bin;D:\developer_tools\Anaconda\Library\bin;D:\developer_tools\Anaconda\Scripts;C:\Program Files (x86)\Common Files\Oracle\Java\javapath;C:\Windows\system32;C:\Windows;C:\Windows\System32\Wbem;C:\Windows\System32\WindowsPowerShell\v1.0\;C:\Program Files\Java\jdk1.8.0_241\bin;C:\Program Files\Java\jdk1.8.0_241\jre\bin;C:\apache-maven-3.6.3\bin;C:\Program Files\MySQL\MySQL Server 8.0\bin;D:\developer_tools\neo4j-community-3.4.1\bin;D:\developer_tools\;D:\developer_tools\bin;D:\developer_tools\scala\bin;D:\developer_tools\spark\bin;D:\developer_tools\hadoop-2.6.4\bin;C:\Program Files\Git\cmd;;."/>
    <property name="java.vm.info" value="mixed mode"/>
    <property name="java.vendor" value="Oracle Corporation"/>
    <property name="java.vm.version" value="25.241-b07"/>
    <property name="java.ext.dirs" value="C:\Program Files\Java\jdk1.8.0_241\jre\lib\ext;C:\Windows\Sun\Java\lib\ext"/>
    <property name="sun.io.unicode.encoding" value="UnicodeLittle"/>
    <property name="java.class.version" value="52.0"/>
  </properties>
  <testcase name="contextLoads" classname="com.neo.study.StudyApplicationTests" time="0.416"/>
</testsuite>